<?xml version="1.0" encoding="UTF-8"?>
<!-- Generated by org.testng.reporters.JUnitReportReporter -->
<testsuite hostname="TYSS-Neha-C-Zutti" failures="0" tests="2" name="pac2.CreateOrganizationTest" time="0.008" errors="0" timestamp="2024-05-21T12:20:23 IST" skipped="0">
  <testcase classname="pac2.CreateOrganizationTest" name="createorgtest" time="0.007"/>
  <system-out/>
  <testcase classname="pac2.CreateOrganizationTest" name="modifyorgtest" time="0.001"/>
  <system-out/>
</testsuite> <!-- pac2.CreateOrganizationTest -->
