<?xml version="1.0" encoding="UTF-8"?>
<!-- Generated by org.testng.reporters.JUnitReportReporter -->
<testsuite hostname="TYSS-Neha-C-Zutti" failures="0" tests="2" name="pac1.CreateContactTest" time="0.001" errors="0" timestamp="2024-05-21T12:20:07 IST" skipped="0">
  <testcase classname="pac1.CreateContactTest" name="modifycontacttest" time="0.001"/>
  <system-out/>
  <testcase classname="pac1.CreateContactTest" name="createcontacttest" time="0.000"/>
  <system-out/>
</testsuite> <!-- pac1.CreateContactTest -->
